<?xml version="1.0" encoding="UTF-8"?>
<!-- Generated by org.testng.reporters.JUnitXMLReporter -->
<testsuite hostname="LAPTOP-AT9TKDLO" name="Addingcontact" tests="1" failures="1" timestamp="22 Jul 2019 04:30:31 GMT" time="0.093" errors="0">
  <testcase name="AddingContact" time="0.072" classname="test.Addcontacttest">
    <failure type="java.lang.IllegalStateException" message="The driver executable does not exist: C:\Driver\chromedriver.exe">
      <![CDATA[java.lang.IllegalStateException: The driver executable does not exist: C:\Driver\chromedriver.exe
	at com.google.common.base.Preconditions.checkState(Preconditions.java:585)
	at org.openqa.selenium.remote.service.DriverService.checkExecutable(DriverService.java:137)
	at org.openqa.selenium.remote.service.DriverService.findExecutable(DriverService.java:132)
	at org.openqa.selenium.chrome.ChromeDriverService.access$000(ChromeDriverService.java:35)
	at org.openqa.selenium.chrome.ChromeDriverService$Builder.findDefaultExecutable(ChromeDriverService.java:156)
	at org.openqa.selenium.remote.service.DriverService$Builder.build(DriverService.java:346)
	at org.openqa.selenium.chrome.ChromeDriverService.createDefaultService(ChromeDriverService.java:91)
	at org.openqa.selenium.chrome.ChromeDriver.<init>(ChromeDriver.java:123)
	at util.BrowserFactory.startBrowser(BrowserFactory.java:15)
	at test.Addcontacttest.AddingContact(Addcontacttest.java:22)
... Removed 24 stack frames]]>
    </failure>
  </testcase> <!-- AddingContact -->
</testsuite> <!-- Addingcontact -->
